This is e-upTeX, Version 3.141592653-p4.1.1-u1.30-230214-2.6 (utf8.sjis) (TeX Live 2024) (preloaded format=platex 2024.4.18)  19 APR 2024 13:18
entering extended mode
 restricted \write18 enabled.
 file:line:error style messages enabled.
 %&-line parsing enabled.
**c:/Users/takahashikazuki/1.2/1.2.tex
(c:/Users/takahashikazuki/1.2/1.2.tex
pLaTeX2e <2023-02-14>+1, based on
LaTeX2e <2023-11-01> patch level 1
L3 programming layer <2024-03-14>
(c:/texlive/2024/texmf-dist/tex/platex/jsclasses/jsarticle.cls
Document Class: jsarticle 2023/02/23 jsclasses (okumura, texjporg)
Class jsarticle Info: Autodetected engine: pLaTeX on input line 236.
\jsc@mpt=\dimen156
\jsc@mmm=\dimen157
\jsc@smallskipamount=\skip48
LaTeX Info: Redefining \textmc on input line 511.
LaTeX Info: Redefining \textgt on input line 513.
\symmincho=\mathgroup4
LaTeX Font Info:    Overwriting symbol font `mincho' in version `bold'
(Font)                  JY1/mc/m/n --> JY1/gt/m/n on input line 575.
LaTeX Font Info:    Font shape `JT1/mc/m/n' will be
(Font)              scaled to size 9.60999pt on input line 769.
LaTeX Font Info:    Font shape `JY1/mc/m/n' will be
(Font)              scaled to size 9.60999pt on input line 769.
\fullwidth=\dimen158
LaTeX Font Info:    Font shape `JT1/mc/m/n' will be
(Font)              scaled to size 7.68799pt on input line 922.
LaTeX Font Info:    Font shape `JY1/mc/m/n' will be
(Font)              scaled to size 7.68799pt on input line 922.
\c@part=\count187
\c@section=\count188
\c@subsection=\count189
\c@subsubsection=\count190
\c@paragraph=\count191
\c@subparagraph=\count192
\@abstractbox=\box68
\c@figure=\count193
\c@table=\count194
\abovecaptionskip=\skip49
\belowcaptionskip=\skip50
\jsc@tocl@width=\dimen159
\@lnumwidth=\dimen160
\bibindent=\dimen161
(c:/texlive/2024/texmf-dist/tex/platex/jsclasses/jslogo.sty
Package: jslogo 2019/07/25 okumura, texjporg
LaTeX Info: Redefining \TeX on input line 82.
LaTeX Info: Redefining \LaTeX on input line 135.
LaTeX Info: Redefining \LaTeXe on input line 188.
)
\heisei=\count195
) (c:/texlive/2024/texmf-dist/tex/latex/l3backend/l3backend-dvips.def
File: l3backend-dvips.def 2024-03-14 L3 backend support: dvips
\l__pdf_internal_box=\box69
\g__pdf_backend_object_int=\count196
\l__pdf_backend_content_box=\box70
\l__pdf_backend_model_box=\box71
\g__pdf_backend_annotation_int=\count197
\g__pdf_backend_link_int=\count198
\g__pdf_backend_link_sf_int=\count199
) (./1.2.aux)
\openout1 = `1.2.aux'.

LaTeX Font Info:    Checking defaults for OML/cmm/m/it on input line 2.
LaTeX Font Info:    ... okay on input line 2.
LaTeX Font Info:    Checking defaults for OMS/cmsy/m/n on input line 2.
LaTeX Font Info:    ... okay on input line 2.
LaTeX Font Info:    Checking defaults for OT1/cmr/m/n on input line 2.
LaTeX Font Info:    ... okay on input line 2.
LaTeX Font Info:    Checking defaults for T1/cmr/m/n on input line 2.
LaTeX Font Info:    ... okay on input line 2.
LaTeX Font Info:    Checking defaults for TS1/cmr/m/n on input line 2.
LaTeX Font Info:    ... okay on input line 2.
LaTeX Font Info:    Checking defaults for OMX/cmex/m/n on input line 2.
LaTeX Font Info:    ... okay on input line 2.
LaTeX Font Info:    Checking defaults for U/cmr/m/n on input line 2.
LaTeX Font Info:    ... okay on input line 2.
LaTeX Font Info:    Checking defaults for JY1/mc/m/n on input line 2.
LaTeX Font Info:    ... okay on input line 2.
LaTeX Font Info:    Checking defaults for JT1/mc/m/n on input line 2.
LaTeX Font Info:    ... okay on input line 2.
 [1

] (./1.2.aux)
 ***********
pLaTeX2e <2023-02-14>+1, based on
LaTeX2e <2023-11-01> patch level 1
L3 programming layer <2024-03-14>
 ***********
 ) 
Here is how much of TeX's memory you used:
 651 strings out of 474761
 10915 string characters out of 5761786
 1919341 words of memory out of 5000000
 23102 multiletter control sequences out of 15000+600000
 562801 words of font info for 58 fonts, out of 8000000 for 9000
 934 hyphenation exceptions out of 8191
 43i,5n,51p,185b,178s stack positions out of 10000i,1000n,20000p,200000b,200000s

Output written on 1.2.dvi (1 page, 328 bytes).
